0 info it worked if it ends with ok
1 verbose cli [ '/usr/local/heroku/bin/node',
1 verbose cli   '/home/spectory/.nvm/versions/node/v6.10.2/bin/npm',
1 verbose cli   'start' ]
2 info using npm@3.10.10
3 info using node@v7.10.0
4 verbose stack Error: ENOENT: no such file or directory, open '/home/spectory/personal_development/udemy_courses/angular_5/package.json'
5 verbose cwd /home/spectory/personal_development/udemy_courses/angular_5
6 error Linux 4.4.0-111-generic
7 error argv "/usr/local/heroku/bin/node" "/home/spectory/.nvm/versions/node/v6.10.2/bin/npm" "start"
8 error node v7.10.0
9 error npm  v3.10.10
10 error path /home/spectory/personal_development/udemy_courses/angular_5/package.json
11 error code ENOENT
12 error errno -2
13 error syscall open
14 error enoent ENOENT: no such file or directory, open '/home/spectory/personal_development/udemy_courses/angular_5/package.json'
15 error enoent ENOENT: no such file or directory, open '/home/spectory/personal_development/udemy_courses/angular_5/package.json'
15 error enoent This is most likely not a problem with npm itself
15 error enoent and is related to npm not being able to find a file.
16 verbose exit [ -2, true ]
